01/10/2020 13:00:44 INFO     Aligning reads in /scratch/zkoch/trimming_proj/raw_data/ to refs in fasta file: /scratch/zkoch/amplicon_aligner/sandbox/reference.fasta for run: test
01/10/2020 13:00:44 INFO     read_tuple(sample='TB-EC01628-054_S59', reads=['/scratch/zkoch/trimming_proj/raw_data/TB-EC01628-054_S59_L001_R1_001.fastq.gz', '/scratch/zkoch/trimming_proj/raw_data/TB-EC01628-054_S59_L001_R2_001.fastq.gz'])
01/10/2020 13:00:44 INFO     read_tuple(sample='TB-FS0096-054_S45', reads=['/scratch/zkoch/trimming_proj/raw_data/TB-FS0096-054_S45_L001_R1_001.fastq.gz', '/scratch/zkoch/trimming_proj/raw_data/TB-FS0096-054_S45_L001_R2_001.fastq.gz'])
01/10/2020 13:00:44 INFO     read_tuple(sample='TB-GA00340-054_S73', reads=['/scratch/zkoch/trimming_proj/raw_data/TB-GA00340-054_S73_L001_R1_001.fastq.gz', '/scratch/zkoch/trimming_proj/raw_data/TB-GA00340-054_S73_L001_R2_001.fastq.gz'])
01/10/2020 13:00:44 INFO     read_tuple(sample='CONTROL-NTC2-054_S63', reads=['/scratch/zkoch/trimming_proj/raw_data/CONTROL-NTC2-054_S63_L001_R1_001.fastq.gz', '/scratch/zkoch/trimming_proj/raw_data/CONTROL-NTC2-054_S63_L001_R2_001.fastq.gz'])
01/10/2020 13:00:44 INFO     read_tuple(sample='TB-FS01512-054_S52', reads=['/scratch/zkoch/trimming_proj/raw_data/TB-FS01512-054_S52_L001_R1_001.fastq.gz', '/scratch/zkoch/trimming_proj/raw_data/TB-FS01512-054_S52_L001_R2_001.fastq.gz'])
01/10/2020 13:00:44 INFO     read_tuple(sample='TB-GA00239-054_S72', reads=['/scratch/zkoch/trimming_proj/raw_data/TB-GA00239-054_S72_L001_R1_001.fastq.gz', '/scratch/zkoch/trimming_proj/raw_data/TB-GA00239-054_S72_L001_R2_001.fastq.gz'])
01/10/2020 13:00:44 INFO     read_tuple(sample='TB-EC02536-054_S69', reads=['/scratch/zkoch/trimming_proj/raw_data/TB-EC02536-054_S69_L001_R1_001.fastq.gz', '/scratch/zkoch/trimming_proj/raw_data/TB-EC02536-054_S69_L001_R2_001.fastq.gz'])
01/10/2020 13:00:44 INFO     read_tuple(sample='CONTROL-NTC1-054_S51', reads=['/scratch/zkoch/trimming_proj/raw_data/CONTROL-NTC1-054_S51_L001_R1_001.fastq.gz', '/scratch/zkoch/trimming_proj/raw_data/CONTROL-NTC1-054_S51_L001_R2_001.fastq.gz'])
01/10/2020 13:00:45 INFO     read_tuple(sample='TB-FS0118-054_S47', reads=['/scratch/zkoch/trimming_proj/raw_data/TB-FS0118-054_S47_L001_R1_001.fastq.gz', '/scratch/zkoch/trimming_proj/raw_data/TB-FS0118-054_S47_L001_R2_001.fastq.gz'])
01/10/2020 13:00:45 INFO     read_tuple(sample='CONTROL-H37Ra3-054_S74', reads=['/scratch/zkoch/trimming_proj/raw_data/CONTROL-H37Ra3-054_S74_L001_R1_001.fastq.gz', '/scratch/zkoch/trimming_proj/raw_data/CONTROL-H37Ra3-054_S74_L001_R2_001.fastq.gz'])
01/10/2020 13:00:45 INFO     read_tuple(sample='TB-FS01613-054_S53', reads=['/scratch/zkoch/trimming_proj/raw_data/TB-FS01613-054_S53_L001_R1_001.fastq.gz', '/scratch/zkoch/trimming_proj/raw_data/TB-FS01613-054_S53_L001_R2_001.fastq.gz'])
01/10/2020 13:00:45 INFO     read_tuple(sample='TB-EC02132-054_S65', reads=['/scratch/zkoch/trimming_proj/raw_data/TB-EC02132-054_S65_L001_R1_001.fastq.gz', '/scratch/zkoch/trimming_proj/raw_data/TB-EC02132-054_S65_L001_R2_001.fastq.gz'])
01/10/2020 13:00:45 INFO     read_tuple(sample='TB-FS02015-054_S55', reads=['/scratch/zkoch/trimming_proj/raw_data/TB-FS02015-054_S55_L001_R1_001.fastq.gz', '/scratch/zkoch/trimming_proj/raw_data/TB-FS02015-054_S55_L001_R2_001.fastq.gz'])
01/10/2020 13:00:45 INFO     read_tuple(sample='TB-FS0011-054_S40', reads=['/scratch/zkoch/trimming_proj/raw_data/TB-FS0011-054_S40_L001_R1_001.fastq.gz', '/scratch/zkoch/trimming_proj/raw_data/TB-FS0011-054_S40_L001_R2_001.fastq.gz'])
01/10/2020 13:00:45 INFO     read_tuple(sample='TB-EC01729-054_S60', reads=['/scratch/zkoch/trimming_proj/raw_data/TB-EC01729-054_S60_L001_R1_001.fastq.gz', '/scratch/zkoch/trimming_proj/raw_data/TB-EC01729-054_S60_L001_R2_001.fastq.gz'])
01/10/2020 13:00:45 INFO     read_tuple(sample='TB-FS02116-054_S56', reads=['/scratch/zkoch/trimming_proj/raw_data/TB-FS02116-054_S56_L001_R1_001.fastq.gz', '/scratch/zkoch/trimming_proj/raw_data/TB-FS02116-054_S56_L001_R2_001.fastq.gz'])
01/10/2020 13:00:45 INFO     read_tuple(sample='TB-FS0043-054_S42', reads=['/scratch/zkoch/trimming_proj/raw_data/TB-FS0043-054_S42_L001_R1_001.fastq.gz', '/scratch/zkoch/trimming_proj/raw_data/TB-FS0043-054_S42_L001_R2_001.fastq.gz'])
01/10/2020 13:00:45 INFO     read_tuple(sample='TB-EC01123-054_S57', reads=['/scratch/zkoch/trimming_proj/raw_data/TB-EC01123-054_S57_L001_R1_001.fastq.gz', '/scratch/zkoch/trimming_proj/raw_data/TB-EC01123-054_S57_L001_R2_001.fastq.gz'])
01/10/2020 13:00:45 INFO     read_tuple(sample='CONTROL-H37Ra2-054_S62', reads=['/scratch/zkoch/trimming_proj/raw_data/CONTROL-H37Ra2-054_S62_L001_R1_001.fastq.gz', '/scratch/zkoch/trimming_proj/raw_data/CONTROL-H37Ra2-054_S62_L001_R2_001.fastq.gz'])
01/10/2020 13:00:45 INFO     read_tuple(sample='TB-EC011237-054_S70', reads=['/scratch/zkoch/trimming_proj/raw_data/TB-EC011237-054_S70_L001_R1_001.fastq.gz', '/scratch/zkoch/trimming_proj/raw_data/TB-EC011237-054_S70_L001_R2_001.fastq.gz'])
01/10/2020 13:00:46 INFO     read_tuple(sample='TB-EC01830-054_S61', reads=['/scratch/zkoch/trimming_proj/raw_data/TB-EC01830-054_S61_L001_R1_001.fastq.gz', '/scratch/zkoch/trimming_proj/raw_data/TB-EC01830-054_S61_L001_R2_001.fastq.gz'])
01/10/2020 13:00:46 INFO     read_tuple(sample='TB-EC02233-054_S66', reads=['/scratch/zkoch/trimming_proj/raw_data/TB-EC02233-054_S66_L001_R1_001.fastq.gz', '/scratch/zkoch/trimming_proj/raw_data/TB-EC02233-054_S66_L001_R2_001.fastq.gz'])
01/10/2020 13:00:46 INFO     read_tuple(sample='TB-FS0032-054_S41', reads=['/scratch/zkoch/trimming_proj/raw_data/TB-FS0032-054_S41_L001_R1_001.fastq.gz', '/scratch/zkoch/trimming_proj/raw_data/TB-FS0032-054_S41_L001_R2_001.fastq.gz'])
01/10/2020 13:00:46 INFO     read_tuple(sample='TB-GA00138-054_S71', reads=['/scratch/zkoch/trimming_proj/raw_data/TB-GA00138-054_S71_L001_R1_001.fastq.gz', '/scratch/zkoch/trimming_proj/raw_data/TB-GA00138-054_S71_L001_R2_001.fastq.gz'])
01/10/2020 13:00:46 INFO     read_tuple(sample='TB-FS0107-054_S46', reads=['/scratch/zkoch/trimming_proj/raw_data/TB-FS0107-054_S46_L001_R1_001.fastq.gz', '/scratch/zkoch/trimming_proj/raw_data/TB-FS0107-054_S46_L001_R2_001.fastq.gz'])
01/10/2020 13:00:46 INFO     read_tuple(sample='TB-FS01411-054_S49', reads=['/scratch/zkoch/trimming_proj/raw_data/TB-FS01411-054_S49_L001_R1_001.fastq.gz', '/scratch/zkoch/trimming_proj/raw_data/TB-FS01411-054_S49_L001_R2_001.fastq.gz'])
01/10/2020 13:00:47 INFO     read_tuple(sample='TB-EC01527-054_S58', reads=['/scratch/zkoch/trimming_proj/raw_data/TB-EC01527-054_S58_L001_R1_001.fastq.gz', '/scratch/zkoch/trimming_proj/raw_data/TB-EC01527-054_S58_L001_R2_001.fastq.gz'])
01/10/2020 13:00:47 INFO     read_tuple(sample='TB-FS0085-054_S44', reads=['/scratch/zkoch/trimming_proj/raw_data/TB-FS0085-054_S44_L001_R1_001.fastq.gz', '/scratch/zkoch/trimming_proj/raw_data/TB-FS0085-054_S44_L001_R2_001.fastq.gz'])
01/10/2020 13:00:47 INFO     read_tuple(sample='TB-FS01714-054_S54', reads=['/scratch/zkoch/trimming_proj/raw_data/TB-FS01714-054_S54_L001_R1_001.fastq.gz', '/scratch/zkoch/trimming_proj/raw_data/TB-FS01714-054_S54_L001_R2_001.fastq.gz'])
01/10/2020 13:00:47 INFO     read_tuple(sample='TB-EC02435-054_S68', reads=['/scratch/zkoch/trimming_proj/raw_data/TB-EC02435-054_S68_L001_R1_001.fastq.gz', '/scratch/zkoch/trimming_proj/raw_data/TB-EC02435-054_S68_L001_R2_001.fastq.gz'])
01/10/2020 13:00:47 INFO     read_tuple(sample='TB-FS0074-054_S43', reads=['/scratch/zkoch/trimming_proj/raw_data/TB-FS0074-054_S43_L001_R1_001.fastq.gz', '/scratch/zkoch/trimming_proj/raw_data/TB-FS0074-054_S43_L001_R2_001.fastq.gz'])
01/10/2020 13:00:47 INFO     read_tuple(sample='TB-FS0129-054_S48', reads=['/scratch/zkoch/trimming_proj/raw_data/TB-FS0129-054_S48_L001_R1_001.fastq.gz', '/scratch/zkoch/trimming_proj/raw_data/TB-FS0129-054_S48_L001_R2_001.fastq.gz'])
01/10/2020 13:00:48 INFO     read_tuple(sample='CONTROL-H37Ra1-054_S50', reads=['/scratch/zkoch/trimming_proj/raw_data/CONTROL-H37Ra1-054_S50_L001_R1_001.fastq.gz', '/scratch/zkoch/trimming_proj/raw_data/CONTROL-H37Ra1-054_S50_L001_R2_001.fastq.gz'])
01/10/2020 13:00:48 INFO     read_tuple(sample='TB-EC02031-054_S64', reads=['/scratch/zkoch/trimming_proj/raw_data/TB-EC02031-054_S64_L001_R1_001.fastq.gz', '/scratch/zkoch/trimming_proj/raw_data/TB-EC02031-054_S64_L001_R2_001.fastq.gz'])
01/10/2020 13:00:48 INFO     read_tuple(sample='CONTROL-NTC3-054_S75', reads=['/scratch/zkoch/trimming_proj/raw_data/CONTROL-NTC3-054_S75_L001_R1_001.fastq.gz', '/scratch/zkoch/trimming_proj/raw_data/CONTROL-NTC3-054_S75_L001_R2_001.fastq.gz'])
